# JRE version: Java(TM) SE Runtime Environment (8.0_161-b12) (build 1.8.0_161-b12)
# Java VM: Java HotSpot(TM) Client VM (25.161-b12 mixed mode windows-x86 )
Heap:
 def new generation   total 33088K, used 770K [0x04a00000, 0x06de0000, 0x09f50000)
  eden space 29440K,   2% used [0x04a00000, 0x04ac0a48, 0x066c0000)
  from space 3648K,   0% used [0x06a50000, 0x06a50000, 0x06de0000)
  to   space 3648K,   0% used [0x066c0000, 0x066c0000, 0x06a50000)
 tenured generation   total 73428K, used 41795K [0x09f50000, 0x0e705000, 0x14a00000)
   the space 73428K,  56% used [0x09f50000, 0x0c820d18, 0x0c820e00, 0x0e705000)
 Metaspace       used 37069K, capacity 37497K, committed 37632K, reserved 38272K
GC Heap History (10 events):
Event: 8.688 GC heap before
{Heap before GC invocations=72 (full 4):
 def new generation   total 20672K, used 20671K [0x04a00000, 0x06060000, 0x09f50000)
  eden space 18432K, 100% used [0x04a00000, 0x05c00000, 0x05c00000)
  from space 2240K,  99% used [0x05c00000, 0x05e2fff8, 0x05e30000)
  to   space 2240K,   0% used [0x05e30000, 0x05e30000, 0x06060000)
 tenured generation   total 45768K, used 41545K [0x09f50000, 0x0cc02000, 0x14a00000)
   the space 45768K,  90% used [0x09f50000, 0x0c7e24a8, 0x0c7e2600, 0x0cc02000)
 Metaspace       used 32433K, capacity 32852K, committed 32896K, reserved 33152K
Event: 8.695 GC heap after
Heap after GC invocations=73 (full 4):
 def new generation   total 20672K, used 2240K [0x04a00000, 0x06060000, 0x09f50000)
  eden space 18432K,   0% used [0x04a00000, 0x04a00000, 0x05c00000)
  from space 2240K, 100% used [0x05e30000, 0x06060000, 0x06060000)
  to   space 2240K,   0% used [0x05c00000, 0x05c00000, 0x05e30000)
 tenured generation   total 45768K, used 43083K [0x09f50000, 0x0cc02000, 0x14a00000)
   the space 45768K,  94% used [0x09f50000, 0x0c962d90, 0x0c962e00, 0x0cc02000)
 Metaspace       used 32433K, capacity 32852K, committed 32896K, reserved 33152K
}
Event: 8.998 GC heap before
{Heap before GC invocations=73 (full 4):
 def new generation   total 20672K, used 20672K [0x04a00000, 0x06060000, 0x09f50000)
  eden space 18432K, 100% used [0x04a00000, 0x05c00000, 0x05c00000)
  from space 2240K, 100% used [0x05e30000, 0x06060000, 0x06060000)
  to   space 2240K,   0% used [0x05c00000, 0x05c00000, 0x05e30000)
 tenured generation   total 45768K, used 43083K [0x09f50000, 0x0cc02000, 0x14a00000)
   the space 45768K,  94% used [0x09f50000, 0x0c962d90, 0x0c962e00, 0x0cc02000)
 Metaspace       used 33860K, capacity 34260K, committed 34304K, reserved 35200K
Event: 9.006 GC heap after
Heap after GC invocations=74 (full 4):
 def new generation   total 20672K, used 2240K [0x04a00000, 0x06060000, 0x09f50000)
  eden space 18432K,   0% used [0x04a00000, 0x04a00000, 0x05c00000)
  from space 2240K, 100% used [0x05c00000, 0x05e30000, 0x05e30000)
  to   space 2240K,   0% used [0x05e30000, 0x05e30000, 0x06060000)
 tenured generation   total 45768K, used 43591K [0x09f50000, 0x0cc02000, 0x14a00000)
   the space 45768K,  95% used [0x09f50000, 0x0c9e1f58, 0x0c9e2000, 0x0cc02000)
 Metaspace       used 33860K, capacity 34260K, committed 34304K, reserved 35200K
}
Event: 9.056 GC heap before
{Heap before GC invocations=74 (full 4):
 def new generation   total 20672K, used 4461K [0x04a00000, 0x06060000, 0x09f50000)
  eden space 18432K,  12% used [0x04a00000, 0x04c2b658, 0x05c00000)
  from space 2240K, 100% used [0x05c00000, 0x05e30000, 0x05e30000)
  to   space 2240K,   0% used [0x05e30000, 0x05e30000, 0x06060000)
 tenured generation   total 45768K, used 43591K [0x09f50000, 0x0cc02000, 0x14a00000)
   the space 45768K,  95% used [0x09f50000, 0x0c9e1f58, 0x0c9e2000, 0x0cc02000)
 Metaspace       used 34054K, capacity 34452K, committed 34496K, reserved 35200K
Event: 9.155 GC heap after
Heap after GC invocations=75 (full 5):
 def new generation   total 33088K, used 0K [0x04a00000, 0x06de0000, 0x09f50000)
  eden space 29440K,   0% used [0x04a00000, 0x04a00000, 0x066c0000)
  from space 3648K,   0% used [0x066c0000, 0x066c0000, 0x06a50000)
  to   space 3648K,   0% used [0x06a50000, 0x06a50000, 0x06de0000)
 tenured generation   total 73428K, used 44056K [0x09f50000, 0x0e705000, 0x14a00000)
   the space 73428K,  59% used [0x09f50000, 0x0ca56258, 0x0ca56400, 0x0e705000)
 Metaspace       used 34054K, capacity 34452K, committed 34496K, reserved 35200K
}
Event: 9.629 GC heap before
{Heap before GC invocations=75 (full 5):
 def new generation   total 33088K, used 29440K [0x04a00000, 0x06de0000, 0x09f50000)
  eden space 29440K, 100% used [0x04a00000, 0x066c0000, 0x066c0000)
  from space 3648K,   0% used [0x066c0000, 0x066c0000, 0x06a50000)
  to   space 3648K,   0% used [0x06a50000, 0x06a50000, 0x06de0000)
 tenured generation   total 73428K, used 44056K [0x09f50000, 0x0e705000, 0x14a00000)
   the space 73428K,  59% used [0x09f50000, 0x0ca56258, 0x0ca56400, 0x0e705000)
 Metaspace       used 35587K, capacity 35995K, committed 36096K, reserved 36224K
Event: 9.637 GC heap after
Heap after GC invocations=76 (full 5):
 def new generation   total 33088K, used 3414K [0x04a00000, 0x06de0000, 0x09f50000)
  eden space 29440K,   0% used [0x04a00000, 0x04a00000, 0x066c0000)
  from space 3648K,  93% used [0x06a50000, 0x06da5870, 0x06de0000)
  to   space 3648K,   0% used [0x066c0000, 0x066c0000, 0x06a50000)
 tenured generation   total 73428K, used 44056K [0x09f50000, 0x0e705000, 0x14a00000)
   the space 73428K,  59% used [0x09f50000, 0x0ca56258, 0x0ca56400, 0x0e705000)
 Metaspace       used 35587K, capacity 35995K, committed 36096K, reserved 36224K
}
Event: 9.971 GC heap before
{Heap before GC invocations=76 (full 5):
 def new generation   total 33088K, used 23239K [0x04a00000, 0x06de0000, 0x09f50000)
  eden space 29440K,  67% used [0x04a00000, 0x05d5c618, 0x066c0000)
  from space 3648K,  93% used [0x06a50000, 0x06da5870, 0x06de0000)
  to   space 3648K,   0% used [0x066c0000, 0x066c0000, 0x06a50000)
 tenured generation   total 73428K, used 44056K [0x09f50000, 0x0e705000, 0x14a00000)
   the space 73428K,  59% used [0x09f50000, 0x0ca56258, 0x0ca56400, 0x0e705000)
 Metaspace       used 37067K, capacity 37499K, committed 37632K, reserved 38272K
Event: 10.079 GC heap after
Heap after GC invocations=77 (full 6):
 def new generation   total 33088K, used 0K [0x04a00000, 0x06de0000, 0x09f50000)
  eden space 29440K,   0% used [0x04a00000, 0x04a00000, 0x066c0000)
  from space 3648K,   0% used [0x06a50000, 0x06a50000, 0x06de0000)
  to   space 3648K,   0% used [0x066c0000, 0x066c0000, 0x06a50000)
 tenured generation   total 73428K, used 41795K [0x09f50000, 0x0e705000, 0x14a00000)
   the space 73428K,  56% used [0x09f50000, 0x0c820d18, 0x0c820e00, 0x0e705000)
 Metaspace       used 37066K, capacity 37497K, committed 37632K, reserved 38272K
}

